info it worked if it ends with ok
verbose cli [ 'node', '/usr/bin/npm', 'install', 'assemble-less' ]
info using npm@1.1.4
info using node@v0.6.12
verbose config file /root/.npmrc
verbose config file /usr/etc/npmrc
verbose config file /usr/share/npm/npmrc
verbose caching /usr/share/nginx/www/node_modules/nodewatch/package.json
verbose cache add [ 'assemble-less', null ]
silly cache add: name, spec, args [ undefined, 'assemble-less', [ 'assemble-less', null ] ]
verbose parsed url { pathname: 'assemble-less',
verbose parsed url   path: 'assemble-less',
verbose parsed url   href: 'assemble-less' }
verbose addNamed [ 'assemble-less', '' ]
verbose addNamed [ null, '' ]
silly name, range, hasData [ 'assemble-less', '', false ]
verbose raw, before any munging assemble-less
verbose url resolving [ 'http://registry.npmjs.org/', './assemble-less' ]
verbose url resolved http://registry.npmjs.org/assemble-less
http GET http://registry.npmjs.org/assemble-less
http 200 http://registry.npmjs.org/assemble-less
silly get cb [ 200,
silly get cb   { server: 'CouchDB/1.5.0 (Erlang OTP/R16B03)',
silly get cb     etag: '"5KWOVBY89CJJXTRC1ADO0K9YM"',
silly get cb     'content-type': 'application/json',
silly get cb     via: '1.1 varnish',
silly get cb     'cache-control': 'max-age=1',
silly get cb     'content-length': '282572',
silly get cb     'accept-ranges': 'bytes',
silly get cb     date: 'Tue, 10 Jun 2014 07:05:55 GMT',
silly get cb     age: '20',
silly get cb     connection: 'keep-alive',
silly get cb     'x-served-by': 'cache-sv60-SJC3, cache-syd1623-SYD',
silly get cb     'x-cache': 'MISS, MISS',
silly get cb     'x-cache-hits': '0, 0',
silly get cb     'x-timer': 'S1402383954.680076,VS0,VE1312',
silly get cb     vary: 'Accept' } ]
verbose mkdir (expected) error ENOENT, no such file or directory '/root/.npm/assemble-less'
verbose mkdir done: /root/.npm/assemble-less 755
silly name, range, hasData 2 [ 'assemble-less', '', true ]
silly versions [ 'assemble-less', [] ]
ERR! Error: No compatible version found: assemble-less
ERR! No valid targets found.
ERR! Perhaps not compatible with your version of node?
ERR!     at installTargetsError (/usr/share/npm/lib/cache.js:488:10)
ERR!     at next_ (/usr/share/npm/lib/cache.js:438:17)
ERR!     at next (/usr/share/npm/lib/cache.js:415:44)
ERR!     at /usr/share/npm/lib/cache.js:408:5
ERR!     at saved (/usr/share/npm/lib/utils/npm-registry-client/get.js:147:7)
ERR!     at Object.oncomplete (/usr/lib/nodejs/graceful-fs.js:230:7)
ERR! You may report this log at:
ERR!     <http://bugs.debian.org/npm>
ERR! or use
ERR!     reportbug --attach /usr/share/nginx/www/education/sites/all/themes/Libra/less/npm-debug.log npm
ERR! 
ERR! System Linux 3.11.0-15-generic
ERR! command "node" "/usr/bin/npm" "install" "assemble-less"
ERR! cwd /usr/share/nginx/www/education/sites/all/themes/Libra/less
ERR! node -v v0.6.12
ERR! npm -v 1.1.4
ERR! message No compatible version found: assemble-less
ERR! message No valid targets found.
ERR! message Perhaps not compatible with your version of node?
verbose exit [ 1, true ]
